# JRE version: OpenJDK Runtime Environment (8.0_242-b01) (build 1.8.0_242-release-1644-b01)
# Java VM: OpenJDK 64-Bit Server VM (25.242-b01 mixed mode windows-amd64 compressed oops)
Heap:
 PSYoungGen      total 317440K, used 258563K [0x00000000d5580000, 0x00000000eb700000, 0x0000000100000000)
  eden space 279040K, 83% used [0x00000000d5580000,0x00000000e391b008,0x00000000e6600000)
  from space 38400K, 66% used [0x00000000e8c80000,0x00000000ea565e60,0x00000000eb200000)
  to   space 39424K, 0% used [0x00000000e6600000,0x00000000e6600000,0x00000000e8c80000)
 ParOldGen       total 195072K, used 88977K [0x0000000080000000, 0x000000008be80000, 0x00000000d5580000)
  object space 195072K, 45% used [0x0000000080000000,0x00000000856e4488,0x000000008be80000)
 Metaspace       used 88923K, capacity 94678K, committed 94760K, reserved 1130496K
  class space    used 12049K, capacity 13100K, committed 13104K, reserved 1048576K
GC Heap History (10 events):
Event: 14.696 GC heap before
{Heap before GC invocations=11 (full 2):
 PSYoungGen      total 183808K, used 164404K [0x00000000d5580000, 0x00000000e1d00000, 0x0000000100000000)
  eden space 172032K, 88% used [0x00000000d5580000,0x00000000dea8e178,0x00000000dfd80000)
  from space 11776K, 99% used [0x00000000e1180000,0x00000000e1cfefd0,0x00000000e1d00000)
  to   space 13824K, 0% used [0x00000000e0200000,0x00000000e0200000,0x00000000e0f80000)
 ParOldGen       total 131072K, used 18068K [0x0000000080000000, 0x0000000088000000, 0x00000000d5580000)
  object space 131072K, 13% used [0x0000000080000000,0x00000000811a53a0,0x0000000088000000)
 Metaspace       used 56953K, capacity 59048K, committed 59160K, reserved 1099776K
  class space    used 7815K, capacity 8305K, committed 8368K, reserved 1048576K
Event: 14.710 GC heap after
Heap after GC invocations=11 (full 2):
 PSYoungGen      total 190464K, used 13801K [0x00000000d5580000, 0x00000000e5580000, 0x0000000100000000)
  eden space 176640K, 0% used [0x00000000d5580000,0x00000000d5580000,0x00000000e0200000)
  from space 13824K, 99% used [0x00000000e0200000,0x00000000e0f7a5d8,0x00000000e0f80000)
  to   space 19456K, 0% used [0x00000000e4280000,0x00000000e4280000,0x00000000e5580000)
 ParOldGen       total 131072K, used 28385K [0x0000000080000000, 0x0000000088000000, 0x00000000d5580000)
  object space 131072K, 21% used [0x0000000080000000,0x0000000081bb8590,0x0000000088000000)
 Metaspace       used 56953K, capacity 59048K, committed 59160K, reserved 1099776K
  class space    used 7815K, capacity 8305K, committed 8368K, reserved 1048576K
}
Event: 14.710 GC heap before
{Heap before GC invocations=12 (full 3):
 PSYoungGen      total 190464K, used 13801K [0x00000000d5580000, 0x00000000e5580000, 0x0000000100000000)
  eden space 176640K, 0% used [0x00000000d5580000,0x00000000d5580000,0x00000000e0200000)
  from space 13824K, 99% used [0x00000000e0200000,0x00000000e0f7a5d8,0x00000000e0f80000)
  to   space 19456K, 0% used [0x00000000e4280000,0x00000000e4280000,0x00000000e5580000)
 ParOldGen       total 131072K, used 28385K [0x0000000080000000, 0x0000000088000000, 0x00000000d5580000)
  object space 131072K, 21% used [0x0000000080000000,0x0000000081bb8590,0x0000000088000000)
 Metaspace       used 56953K, capacity 59048K, committed 59160K, reserved 1099776K
  class space    used 7815K, capacity 8305K, committed 8368K, reserved 1048576K
Event: 14.864 GC heap after
Heap after GC invocations=12 (full 3):
 PSYoungGen      total 190464K, used 0K [0x00000000d5580000, 0x00000000e5580000, 0x0000000100000000)
  eden space 176640K, 0% used [0x00000000d5580000,0x00000000d5580000,0x00000000e0200000)
  from space 13824K, 0% used [0x00000000e0200000,0x00000000e0200000,0x00000000e0f80000)
  to   space 19456K, 0% used [0x00000000e4280000,0x00000000e4280000,0x00000000e5580000)
 ParOldGen       total 195072K, used 36156K [0x0000000080000000, 0x000000008be80000, 0x00000000d5580000)
  object space 195072K, 18% used [0x0000000080000000,0x000000008234f110,0x000000008be80000)
 Metaspace       used 56904K, capacity 58880K, committed 59160K, reserved 1099776K
  class space    used 7800K, capacity 8277K, committed 8368K, reserved 1048576K
}
Event: 16.082 GC heap before
{Heap before GC invocations=13 (full 3):
 PSYoungGen      total 190464K, used 176640K [0x00000000d5580000, 0x00000000e5580000, 0x0000000100000000)
  eden space 176640K, 100% used [0x00000000d5580000,0x00000000e0200000,0x00000000e0200000)
  from space 13824K, 0% used [0x00000000e0200000,0x00000000e0200000,0x00000000e0f80000)
  to   space 19456K, 0% used [0x00000000e4280000,0x00000000e4280000,0x00000000e5580000)
 ParOldGen       total 195072K, used 36156K [0x0000000080000000, 0x000000008be80000, 0x00000000d5580000)
  object space 195072K, 18% used [0x0000000080000000,0x000000008234f110,0x000000008be80000)
 Metaspace       used 64110K, capacity 68022K, committed 68136K, reserved 1107968K
  class space    used 8997K, capacity 9726K, committed 9776K, reserved 1048576K
Event: 16.090 GC heap after
Heap after GC invocations=13 (full 3):
 PSYoungGen      total 238592K, used 16390K [0x00000000d5580000, 0x00000000e5480000, 0x0000000100000000)
  eden space 220160K, 0% used [0x00000000d5580000,0x00000000d5580000,0x00000000e2c80000)
  from space 18432K, 88% used [0x00000000e4280000,0x00000000e5281838,0x00000000e5480000)
  to   space 20480K, 0% used [0x00000000e2c80000,0x00000000e2c80000,0x00000000e4080000)
 ParOldGen       total 195072K, used 36164K [0x0000000080000000, 0x000000008be80000, 0x00000000d5580000)
  object space 195072K, 18% used [0x0000000080000000,0x0000000082351110,0x000000008be80000)
 Metaspace       used 64110K, capacity 68022K, committed 68136K, reserved 1107968K
  class space    used 8997K, capacity 9726K, committed 9776K, reserved 1048576K
}
Event: 18.117 GC heap before
{Heap before GC invocations=14 (full 3):
 PSYoungGen      total 238592K, used 236111K [0x00000000d5580000, 0x00000000e5480000, 0x0000000100000000)
  eden space 220160K, 99% used [0x00000000d5580000,0x00000000e2c125b0,0x00000000e2c80000)
  from space 18432K, 88% used [0x00000000e4280000,0x00000000e5281838,0x00000000e5480000)
  to   space 20480K, 0% used [0x00000000e2c80000,0x00000000e2c80000,0x00000000e4080000)
 ParOldGen       total 195072K, used 36164K [0x0000000080000000, 0x000000008be80000, 0x00000000d5580000)
  object space 195072K, 18% used [0x0000000080000000,0x0000000082351110,0x000000008be80000)
 Metaspace       used 76774K, capacity 81842K, committed 82088K, reserved 1120256K
  class space    used 10747K, capacity 11646K, committed 11696K, reserved 1048576K
Event: 18.148 GC heap after
Heap after GC invocations=14 (full 3):
 PSYoungGen      total 240640K, used 20477K [0x00000000d5580000, 0x00000000eb200000, 0x0000000100000000)
  eden space 220160K, 0% used [0x00000000d5580000,0x00000000d5580000,0x00000000e2c80000)
  from space 20480K, 99% used [0x00000000e2c80000,0x00000000e407f438,0x00000000e4080000)
  to   space 38400K, 0% used [0x00000000e8c80000,0x00000000e8c80000,0x00000000eb200000)
 ParOldGen       total 195072K, used 77730K [0x0000000080000000, 0x000000008be80000, 0x00000000d5580000)
  object space 195072K, 39% used [0x0000000080000000,0x0000000084be8950,0x000000008be80000)
 Metaspace       used 76774K, capacity 81842K, committed 82088K, reserved 1120256K
  class space    used 10747K, capacity 11646K, committed 11696K, reserved 1048576K
}
Event: 19.469 GC heap before
{Heap before GC invocations=15 (full 3):
 PSYoungGen      total 240640K, used 240637K [0x00000000d5580000, 0x00000000eb200000, 0x0000000100000000)
  eden space 220160K, 100% used [0x00000000d5580000,0x00000000e2c80000,0x00000000e2c80000)
  from space 20480K, 99% used [0x00000000e2c80000,0x00000000e407f438,0x00000000e4080000)
  to   space 38400K, 0% used [0x00000000e8c80000,0x00000000e8c80000,0x00000000eb200000)
 ParOldGen       total 195072K, used 77730K [0x0000000080000000, 0x000000008be80000, 0x00000000d5580000)
  object space 195072K, 39% used [0x0000000080000000,0x0000000084be8950,0x000000008be80000)
 Metaspace       used 85626K, capacity 91002K, committed 91176K, reserved 1128448K
  class space    used 11831K, capacity 12798K, committed 12848K, reserved 1048576K
Event: 19.489 GC heap after
Heap after GC invocations=15 (full 3):
 PSYoungGen      total 317440K, used 25495K [0x00000000d5580000, 0x00000000eb700000, 0x0000000100000000)
  eden space 279040K, 0% used [0x00000000d5580000,0x00000000d5580000,0x00000000e6600000)
  from space 38400K, 66% used [0x00000000e8c80000,0x00000000ea565e60,0x00000000eb200000)
  to   space 39424K, 0% used [0x00000000e6600000,0x00000000e6600000,0x00000000e8c80000)
 ParOldGen       total 195072K, used 88977K [0x0000000080000000, 0x000000008be80000, 0x00000000d5580000)
  object space 195072K, 45% used [0x0000000080000000,0x00000000856e4488,0x000000008be80000)
 Metaspace       used 85626K, capacity 91002K, committed 91176K, reserved 1128448K
  class space    used 11831K, capacity 12798K, committed 12848K, reserved 1048576K
}

